C51 COMPILER V8.12   RLYBUZ                                                                06/29/2013 12:56:30 PAGE 1   


C51 COMPILER V8.12, COMPILATION OF MODULE RLYBUZ
OBJECT MODULE PLACED IN rlybuz.OBJ
COMPILER INVOKED BY: C:\Keil\C51\BIN\C51.EXE rlybuz.c BROWSE DEBUG OBJECTEXTEND

line level    source

   1           ////relay buzzer------Port P0//////
   2          
   3          #include<reg51.h>
   4          void delay()
   5          {
   6   1      int j;
   7   1      for(j=0;j<20000;j++);
   8   1      }
   9          void main()
  10          { char k;
  11   1      while(1)
  12   1      {
  13   2      
  14   2      P0=0x01;
  15   2      delay();
  16   2      for(k=0;k<7;k++)
  17   2      {
  18   3      P0=P0<<1;
  19   3      delay();
  20   3      }
  21   2      }
  22   1      }


MODULE INFORMATION:   STATIC OVERLAYABLE
   CODE SIZE        =     38    ----
   CONSTANT SIZE    =   ----    ----
   XDATA SIZE       =   ----    ----
   PDATA SIZE       =   ----    ----
   DATA SIZE        =   ----    ----
   IDATA SIZE       =   ----    ----
   BIT SIZE         =   ----    ----
END OF MODULE INFORMATION.


C51 COMPILATION COMPLETE.  0 WARNING(S),  0 ERROR(S)
