C51 COMPILER V8.12   LCD                                                                   07/19/2013 10:35:08 PAGE 1   


C51 COMPILER V8.12, COMPILATION OF MODULE LCD
OBJECT MODULE PLACED IN LCD.OBJ
COMPILER INVOKED BY: C:\Keil\C51\BIN\C51.EXE LCD.c BROWSE DEBUG OBJECTEXTEND

line level    source

   1           // CONTROL PORT 2
   2          //DATA PORT 0
   3                                            #include<reg51.h>
   4          
   5          sbit RS =       P2 ^ 0;
   6          sbit E  =       P2 ^ 1;
   7          
   8          void instwrt(void)
   9          {
  10   1              RS=0;
  11   1              E=1;
  12   1              E=0;
  13   1      }
  14          
  15          void datawrt(void)
  16          {
  17   1              RS=1;
  18   1              E=1;
  19   1              E=0;
  20   1      }
  21          
  22          
  23          void delay(void)
  24          {
  25   1              unsigned int i;
  26   1              for(i=0;i<=30000;i++)
  27   1                      {}
  28   1      }
  29          
  30          
  31          void main(void)
  32          {
  33   1      while(1)
  34   1      {       
  35   2      P0=0x38;
  36   2              instwrt();
  37   2              delay();
  38   2              P0=0x0E;
  39   2              instwrt();
  40   2              delay();
  41   2              P0=0x01;
  42   2              instwrt();
  43   2              delay();
  44   2              P0=0x06;
  45   2              instwrt();
  46   2              delay();
  47   2              P0=0x83;
  48   2              instwrt();
  49   2              delay();
  50   2              P0='A';
  51   2              datawrt();
  52   2              delay();
  53   2              P0='D';
  54   2              datawrt();
  55   2              delay();
C51 COMPILER V8.12   LCD                                                                   07/19/2013 10:35:08 PAGE 2   

  56   2              P0='V';
  57   2              datawrt();
  58   2              delay();
  59   2              P0='A';
  60   2              datawrt();
  61   2              delay();
  62   2              P0='N';
  63   2              datawrt();
  64   2              delay();
  65   2              P0='C';
  66   2              datawrt();
  67   2              delay();
  68   2              P0='E';
  69   2              datawrt();
  70   2              delay();
  71   2              /*shift();
  72   2              delay();*/
  73   2              P0=0xC3;
  74   2              instwrt();
  75   2              delay();
  76   2              P0='T';
  77   2              datawrt();
  78   2              delay();
  79   2              P0='E';
  80   2              datawrt();
  81   2              delay();
  82   2              P0='C';
  83   2              datawrt();
  84   2              delay();
  85   2              P0='H';
  86   2              datawrt();
  87   2              delay();
  88   2              P0='N';
  89   2              datawrt();
  90   2              delay();
  91   2              P0='O';
  92   2              datawrt();
  93   2              delay();
  94   2              P0='L';
  95   2              datawrt();
  96   2              delay();
  97   2              P0='O';
  98   2              datawrt();
  99   2              delay();
 100   2              P0='G';
 101   2              datawrt();
 102   2              delay();
 103   2              P0='Y';
 104   2              datawrt();
 105   2              delay();
 106   2                      }
 107   1      }
 108          
 109          


MODULE INFORMATION:   STATIC OVERLAYABLE
   CODE SIZE        =    218    ----
   CONSTANT SIZE    =   ----    ----
   XDATA SIZE       =   ----    ----
   PDATA SIZE       =   ----    ----
   DATA SIZE        =   ----    ----
C51 COMPILER V8.12   LCD                                                                   07/19/2013 10:35:08 PAGE 3   

   IDATA SIZE       =   ----    ----
   BIT SIZE         =   ----    ----
END OF MODULE INFORMATION.


C51 COMPILATION COMPLETE.  0 WARNING(S),  0 ERROR(S)
