0	1	mikrocAVR.exe -MSF -DBG -pATMEGA16 -RA -LHF -SSA -O00000004 -fo8 -N"C:\Users\amit\OneDrive\Desktop\New folder\LED_BLINK.mcpav" -BOOTSZ1024 -BOOTOP0 -SP"C:\Users\Public\Documents\Mikroelektronika\mikroC PRO for AVR\defs\" -SP"C:\Users\Public\Documents\Mikroelektronika\mikroC PRO for AVR\uses\lte64kw\" -SP"C:\Users\amit\OneDrive\Desktop\New folder\" "LED_BLINK.c" "__Lib_Math.mcl" "__Lib_MathDouble.mcl" "__Lib_System.mcl" "__Lib_Delays.mcl" "__Lib_CType.mcl" "__Lib_CString.mcl" "__Lib_CStdlib.mcl" "__Lib_CMath.mcl" "__Lib_MemManager.mcl" "__Lib_Conversions.mcl" "__Lib_Sprintf.mcl" "__Lib_Sprinti.mcl" "__Lib_Sprintl.mcl" "__Lib_PrintOut.mcl" "__Lib_Time.mcl" "__Lib_Trigonometry.mcl" "__Lib_Button.mcl" "__Lib_Keypad4x4.mcl" "__Lib_Manchester.mcl" "__Lib_OneWire.mcl" "__Lib_PS2.mcl" "__Lib_Sound.mcl" "__Lib_SoftI2C.mcl" "__Lib_SoftSPI.mcl" "__Lib_SoftUART.mcl" "__Lib_ADC.mcl" "__Lib_EEPROM_eew.mcl" "__Lib_FLASH_rwe.mcl" "__Lib_PWM_0.mcl" "__Lib_PWM1_2_presc.mcl" "__Lib_PWM16bit_12.mcl" "__Lib_SPI_b7654_x2.mcl" "__Lib_TWI.mcl" "__Lib_UART_d01_ursel.mcl" "__Lib_PortExpander.mcl" "__Lib_CANSPI.mcl" "__Lib_CF.mcl" "__Lib_CFFat16.mcl" "__Lib_GlcdFonts.mcl" "__Lib_Glcd.mcl" "__Lib_LcdConsts.mcl" "__Lib_Lcd.mcl" "__Lib_Mmc.mcl" "__Lib_MmcFat16.mcl" "__Lib_MmcFat16Constants.mcl" "__Lib_RS485.mcl" "__Lib_S1D13700.mcl" "__Lib_T6963C.mcl" "__Lib_SPIGlcd.mcl" "__Lib_SPILcd.mcl" "__Lib_SPILcd8.mcl" "__Lib_SPIT6963C.mcl" "__Lib_TouchPanel.mcl" "__Lib_EthEnc28j60.mcl" "__Lib_EthEnc24j600.mcl"	 
diagnostics: 0	122	Compilation Started	ATMEGA16.c
diagnostics: 1200	123	Compiled Successfully	ATMEGA16.c
diagnostics: 0	122	Compilation Started	__Lib_Delays.c
diagnostics: 170	123	Compiled Successfully	__Lib_Delays.c
diagnostics: 0	122	Compilation Started	__Lib_MemManager.c
warning: 34	1508	Implicit conversion of int to ptr	__Lib_MemManager.c
hint: 107	1163	Variable 'tryIt' has been declared, but not used	__Lib_MemManager.c
hint: 108	1163	Variable 'j' has been declared, but not used	__Lib_MemManager.c
hint: 109	1163	Variable 'addr' has been declared, but not used	__Lib_MemManager.c
hint: 109	1163	Variable 'lsize' has been declared, but not used	__Lib_MemManager.c
diagnostics: 233	123	Compiled Successfully	__Lib_MemManager.c
diagnostics: 0	122	Compilation Started	__lib_mmcfat16.h
diagnostics: 71	123	Compiled Successfully	__Lib_MmcFat16Constants.c
diagnostics: 0	126	All files Preprocessed in 125 ms	 
diagnostics: 0	122	Compilation Started	LED_BLINK.c
diagnostics: 9	123	Compiled Successfully	LED_BLINK.c
diagnostics: 0	127	All files Compiled in 125 ms	 
hint: 0	1144	Used RX (bytes): 13 (41%)   Free RX (bytes): 19 (59%)	Used RX (bytes): 13 (41%)   Free RX (bytes): 19 (59%)
hint: 0	1144	Static RAM (bytes): 0   Dynamic RAM (bytes): 1024	Static RAM (bytes): 0   Dynamic RAM (bytes): 1024
hint: 0	1144	Used ROM (bytes): 154 (1%)  Free ROM (bytes): 14182 (99%)	Used ROM (bytes): 154 (1%)  Free ROM (bytes): 14182 (99%)
diagnostics: 0	125	Project Linked Successfully	LED_BLINK.mcpav
diagnostics: 0	128	Linked in 297 ms	 
diagnostics: 0	129	Project 'LED_BLINK.mcpav' completed: 1328 ms	 
diagnostics: 0	103	Finished successfully: 24 Aug 2022, 14:25:46	LED_BLINK.mcpav
