C51 COMPILER V9.60.0.0   MOTOR                                                             11/15/2022 16:16:53 PAGE 1   


C51 COMPILER V9.60.0.0, COMPILATION OF MODULE MOTOR
OBJECT MODULE PLACED IN .\Objects\motor.obj
COMPILER INVOKED BY: C:\Keil_v5\C51\BIN\C51.EXE motor.c OPTIMIZE(8,SPEED) BROWSE DEBUG OBJECTEXTEND PRINT(.\Listings\mot
                    -or.lst) TABS(2) OBJECT(.\Objects\motor.obj)

line level    source

   1          #include<reg51.h>
   2          delay()
   3          {
   4   1          for(int i=0;i<=2000;i++);//1000 fast///3000 medium//6000  slow
*** ERROR C141 IN LINE 4 OF motor.c: syntax error near 'int', expected 'sizeof'
*** ERROR C202 IN LINE 4 OF motor.c: 'i': undefined identifier
*** ERROR C202 IN LINE 4 OF motor.c: 'i': undefined identifier
*** ERROR C202 IN LINE 4 OF motor.c: 'i': undefined identifier
*** ERROR C141 IN LINE 4 OF motor.c: syntax error near ')', expected ';'
   5   1      }
   6          
   7          void clockwise() {
   8   1          P0=0x01;
   9   1          delay();
  10   1      
  11   1          P0=0x02;
  12   1          delay();
  13   1      }
  14          
  15          void anticlockwise() {
  16   1          P0=0x08;
  17   1          delay();
  18   1      
  19   1          P0=0x04;
  20   1          delay();
  21   1      }
  22          
  23          void main()
  24          {
  25   1          while(1)
  26   1          {
  27   2              P0=0x01;
  28   2              delay();
  29   2      
  30   2              P0=0x02;
  31   2              delay();
  32   2      
  33   2          };
  34   1      }

C51 COMPILATION COMPLETE.  0 WARNING(S),  5 ERROR(S)
