C51 COMPILER V8.12   SS                                                                    06/29/2013 13:06:53 PAGE 1   


C51 COMPILER V8.12, COMPILATION OF MODULE SS
OBJECT MODULE PLACED IN ss.OBJ
COMPILER INVOKED BY: C:\Keil\C51\BIN\C51.EXE ss.c BROWSE DEBUG OBJECTEXTEND

line level    source

   1                                    
   2          /***************Seven Segments***************/
   3          
   4          /***************Connections******************/
   5          
   6          /**********             SS data --- PORT 0          ******/
   7          /**********             SS control --- PORT 2   ******/
   8          
   9          
  10          #include<reg51.h>
  11          char arr[10]={0xbf,0x86,0xdb,0xcf,0xe6,0xed,0xfd,0x87,0xff,0xef};
  12          void delay(void);
  13          void main(void)
  14          {
  15   1       int a;
  16   1       for(a=0;a<10;a++)
  17   1       {
  18   2       P2=0x0f;
  19   2                P0=arr[a];
  20   2                delay();
  21   2      }
  22   1      }
  23          void delay(void)
  24          {
  25   1       int f;
  26   1       for(f=0;f<30000;f++);
  27   1      }
  28          


MODULE INFORMATION:   STATIC OVERLAYABLE
   CODE SIZE        =     54    ----
   CONSTANT SIZE    =   ----    ----
   XDATA SIZE       =   ----    ----
   PDATA SIZE       =   ----    ----
   DATA SIZE        =     10       2
   IDATA SIZE       =   ----    ----
   BIT SIZE         =   ----    ----
END OF MODULE INFORMATION.


C51 COMPILATION COMPLETE.  0 WARNING(S),  0 ERROR(S)
